app/build 2/outputs/logs/manifest-merger-debug-report.txt
-- Merging decision tree log ---
manifest
ADDED from src/main/AndroidManifest.xml:2:1-36:12
INJECTED from src/main/AndroidManifest.xml:2:1-36:12
INJECTED from src/main/AndroidManifest.xml:2:1-36:12
INJECTED from src/main/AndroidManifest.xml:2:1-36:12
MERGED from [com.google.android.material:material:1.0.0] AndroidManifest.xml:17:1-24:12
MERGED from [:izooto] AndroidManifest.xml:2:1-86:12
MERGED from [androidx.constraintlayout:constraintlayout:2.0.4] AndroidManifest.xml:2:1-11:12
MERGED from [androidx.appcompat:appcompat:1.3.0] AndroidManifest.xml:17:1-24:12
MERGED from [androidx.legacy:legacy-support-v4:1.0.0] AndroidManifest.xml:17:1-22:12
MERGED from [com.google.android.gms:play-services-ads-identifier:17.0.1] AndroidManifest.xml:17:1-24:12
MERGED from [com.google.firebase:firebase-messaging:21.0.0] AndroidManifest.xml:17:1-45:12
MERGED from [com.google.firebase:firebase-iid:21.0.0] AndroidManifest.xml:17:1-47:12
MERGED from [com.google.android.gms:play-services-cloud-messaging:16.0.0] AndroidManifest.xml:2:1-13:12
MERGED from [com.google.android.gms:play-services-stats:17.0.0] AndroidManifest.xml:2:1-9:12
MERGED from [com.google.firebase:firebase-installations:16.3.3] AndroidManifest.xml:2:1-23:12
MERGED from [com.google.firebase:firebase-installations-interop:16.0.0] AndroidManifest.xml:15:1-23:12
MERGED from [com.google.firebase:firebase-datatransport:17.0.3] AndroidManifest.xml:15:1-34:12
MERGED from [com.google.firebase:firebase-common:19.3.1] AndroidManifest.xml:15:1-40:12
MERGED from [com.google.firebase:firebase-iid-interop:17.0.0] AndroidManifest.xml:2:1-10:12
MERGED from [com.google.android.gms:play-services-base:17.0.0] AndroidManifest.xml:17:1-29:12
MERGED from [com.google.android.gms:play-services-tasks:17.0.0] AndroidManifest.xml:2:1-9:12
MERGED from [com.google.firebase:firebase-measurement-connector:18.0.0] AndroidManifest.xml:17:1-25:12
MERGED from [com.google.android.gms:play-services-basement:17.0.0] AndroidManifest.xml:17:1-28:12
MERGED from [androidx.fragment:fragment:1.3.4] AndroidManifest.xml:17:1-24:12
MERGED from [androidx.activity:activity:1.2.3] AndroidManifest.xml:17:1-24:12
MERGED from [androidx.appcompat:appcompat-resources:1.3.0] AndroidManifest.xml:17:1-24:12
MERGED from [androidx.recyclerview:recyclerview:1.0.0] AndroidManifest.xml:17:1-22:12
MERGED from [androidx.legacy:legacy-support-core-ui:1.0.0] AndroidManifest.xml:17:1-22:12
MERGED from [androidx.drawerlayout:drawerlayout:1.0.0] AndroidManifest.xml:17:1-22:12
MERGED from [androidx.legacy:legacy-support-core-utils:1.0.0] AndroidManifest.xml:17:1-22:12
MERGED from [androidx.transition:transition:1.0.0] AndroidManifest.xml:17:1-22:12
MERGED from [androidx.viewpager:viewpager:1.0.0] AndroidManifest.xml:17:1-22:12
MERGED from [androidx.loader:loader:1.0.0] AndroidManifest.xml:17:1-22:12
MERGED from [androidx.vectordrawable:vectordrawable-animated:1.1.0] AndroidManifest.xml:17:1-24:12
MERGED from [androidx.vectordrawable:vectordrawable:1.1.0] AndroidManifest.xml:17:1-24:12
MERGED from [androidx.coordinatorlayout:coordinatorlayout:1.0.0] AndroidManifest.xml:17:1-22:12
MERGED from [androidx.slidingpanelayout:slidingpanelayout:1.0.0] AndroidManifest.xml:17:1-22:12
MERGED from [androidx.customview:customview:1.0.0] AndroidManifest.xml:17:1-22:12
MERGED from [androidx.swiperefreshlayout:swiperefreshlayout:1.0.0] AndroidManifest.xml:17:1-22:12
MERGED from [androidx.asynclayoutinflater:asynclayoutinflater:1.0.0] AndroidManifest.xml:17:1-22:12
MERGED from [androidx.media:media:1.0.0] AndroidManifest.xml:17:1-22:12
MERGED from [androidx.core:core:1.5.0] AndroidManifest.xml:17:1-26:12
MERGED from [androidx.cursoradapter:cursoradapter:1.0.0] AndroidManifest.xml:17:1-22:12
MERGED from [androidx.lifecycle:lifecycle-viewmodel-savedstate:2.3.1] AndroidManifest.xml:17:1-24:12
MERGED from [androidx.savedstate:savedstate:1.1.0] AndroidManifest.xml:17:1-24:12
MERGED from [androidx.lifecycle:lifecycle-runtime:2.3.1] AndroidManifest.xml:17:1-24:12
MERGED from [androidx.lifecycle:lifecycle-viewmodel:2.3.1] AndroidManifest.xml:17:1-24:12
MERGED from [androidx.cardview:cardview:1.0.0] AndroidManifest.xml:17:1-22:12
MERGED from [androidx.versionedparcelable:versionedparcelable:1.1.1] AndroidManifest.xml:17:1-27:12
MERGED from [androidx.tracing:tracing:1.0.0] AndroidManifest.xml:17:1-24:12
MERGED from [androidx.lifecycle:lifecycle-livedata:2.0.0] AndroidManifest.xml:17:1-22:12
MERGED from [androidx.lifecycle:lifecycle-livedata-core:2.3.1] AndroidManifest.xml:17:1-24:12
MERGED from [androidx.arch.core:core-runtime:2.1.0] AndroidManifest.xml:17:1-24:12
MERGED from [androidx.interpolator:interpolator:1.0.0] AndroidManifest.xml:17:1-22:12
MERGED from [androidx.documentfile:documentfile:1.0.0] AndroidManifest.xml:17:1-22:12
MERGED from [androidx.localbroadcastmanager:localbroadcastmanager:1.0.0] AndroidManifest.xml:17:1-22:12
MERGED from [androidx.print:print:1.0.0] AndroidManifest.xml:17:1-22:12
MERGED from [com.google.android.datatransport:transport-backend-cct:2.2.0] AndroidManifest.xml:15:1-38:12
MERGED from [com.google.android.datatransport:transport-runtime:2.2.0] AndroidManifest.xml:15:1-41:12
MERGED from [com.google.firebase:firebase-components:16.0.0] AndroidManifest.xml:15:1-23:12
MERGED from [com.google.firebase:firebase-encoders-json:16.0.0] AndroidManifest.xml:15:1-23:12
MERGED from [androidx.annotation:annotation-experimental:1.0.0] AndroidManifest.xml:17:1-24:12
MERGED from [com.google.android.datatransport:transport-api:2.2.0] AndroidManifest.xml:15:1-22:12
INJECTED from src/main/AndroidManifest.xml:2:1-36:12
INJECTED from src/main/AndroidManifest.xml:2:1-36:12
INJECTED from src/main/AndroidManifest.xml:2:1-36:12
	package
		ADDED from src/main/AndroidManifest.xml:4:5-33
		INJECTED from src/main/AndroidManifest.xml
		INJECTED from src/main/AndroidManifest.xml
	android:versionName
		INJECTED from src/main/AndroidManifest.xml
		ADDED from src/main/AndroidManifest.xml:2:1-36:12
		INJECTED from src/main/AndroidManifest.xml
	xmlns:tools
		ADDED from src/main/AndroidManifest.xml:3:5-51
	android:versionCode
		INJECTED from src/main/AndroidManifest.xml
		ADDED from src/main/AndroidManifest.xml:2:1-36:12
		INJECTED from src/main/AndroidManifest.xml
	xmlns:android
		ADDED from src/main/AndroidManifest.xml:2:11-69
uses-permission#android.permission.INTERNET
ADDED from src/main/AndroidManifest.xml:6:5-67
MERGED from [:izooto] AndroidManifest.xml:12:5-67
MERGED from [:izooto] AndroidManifest.xml:12:5-67
MERGED from [com.google.firebase:firebase-iid:21.0.0] AndroidManifest.xml:23:5-67
MERGED from [com.google.firebase:firebase-iid:21.0.0] AndroidManifest.xml:23:5-67
MERGED from [com.google.android.gms:play-services-cloud-messaging:16.0.0] AndroidManifest.xml:8:5-67
MERGED from [com.google.android.gms:play-services-cloud-messaging:16.0.0] AndroidManifest.xml:8:5-67
MERGED from [com.google.firebase:firebase-installations:16.3.3] AndroidManifest.xml:11:5-67
MERGED from [com.google.firebase:firebase-installations:16.3.3] AndroidManifest.xml:11:5-67
MERGED from [com.google.android.datatransport:transport-backend-cct:2.2.0] AndroidManifest.xml:26:5-67
MERGED from [com.google.android.datatransport:transport-backend-cct:2.2.0] AndroidManifest.xml:26:5-67
	android:name
		ADDED from src/main/AndroidManifest.xml:6:22-64
uses-permission#android.permission.WAKE_LOCK
ADDED from src/main/AndroidManifest.xml:7:5-68
MERGED from [:izooto] AndroidManifest.xml:13:5-68
MERGED from [:izooto] AndroidManifest.xml:13:5-68
MERGED from [com.google.firebase:firebase-iid:21.0.0] AndroidManifest.xml:24:5-68
MERGED from [com.google.firebase:firebase-iid:21.0.0] AndroidManifest.xml:24:5-68
MERGED from [com.google.android.gms:play-services-cloud-messaging:16.0.0] AndroidManifest.xml:9:5-68
MERGED from [com.google.android.gms:play-services-cloud-messaging:16.0.0] AndroidManifest.xml:9:5-68
	android:name
		ADDED from src/main/AndroidManifest.xml:7:22-65
uses-permission#android.permission.VIBRATE
ADDED from src/main/AndroidManifest.xml:8:5-66
MERGED from [:izooto] AndroidManifest.xml:14:5-66
MERGED from [:izooto] AndroidManifest.xml:14:5-66
	android:name
		ADDED from src/main/AndroidManifest.xml:8:22-63
uses-permission#android.permission.ACCESS_NETWORK_STATE
ADDED from src/main/AndroidManifest.xml:9:5-79
MERGED from [:izooto] AndroidManifest.xml:15:5-79
MERGED from [:izooto] AndroidManifest.xml:15:5-79
MERGED from [com.google.firebase:firebase-iid:21.0.0] AndroidManifest.xml:22:5-79
MERGED from [com.google.firebase:firebase-iid:21.0.0] AndroidManifest.xml:22:5-79
MERGED from [com.google.android.gms:play-services-cloud-messaging:16.0.0] AndroidManifest.xml:7:5-79
MERGED from [com.google.android.gms:play-services-cloud-messaging:16.0.0] AndroidManifest.xml:7:5-79
MERGED from [com.google.firebase:firebase-installations:16.3.3] AndroidManifest.xml:10:5-79
MERGED from [com.google.firebase:firebase-installations:16.3.3] AndroidManifest.xml:10:5-79
MERGED from [com.google.android.datatransport:transport-backend-cct:2.2.0] AndroidManifest.xml:25:5-79
MERGED from [com.google.android.datatransport:transport-backend-cct:2.2.0] AndroidManifest.xml:25:5-79
MERGED from [com.google.android.datatransport:transport-runtime:2.2.0] AndroidManifest.xml:22:5-79
MERGED from [com.google.android.datatransport:transport-runtime:2.2.0] AndroidManifest.xml:22:5-79
	android:name
		ADDED from src/main/AndroidManifest.xml:9:22-76
application
ADDED from src/main/AndroidManifest.xml:11:5-34:19
MERGED from [com.google.android.material:material:1.0.0] AndroidManifest.xml:22:5-20
MERGED from [com.google.android.material:material:1.0.0] AndroidManifest.xml:22:5-20
MERGED from [:izooto] AndroidManifest.xml:50:5-84:19
MERGED from [:izooto] AndroidManifest.xml:50:5-84:19
MERGED from [androidx.constraintlayout:constraintlayout:2.0.4] AndroidManifest.xml:9:5-20
MERGED from [androidx.constraintlayout:constraintlayout:2.0.4] AndroidManifest.xml:9:5-20
MERGED from [com.google.android.gms:play-services-ads-identifier:17.0.1] AndroidManifest.xml:22:5-20
MERGED from [com.google.android.gms:play-services-ads-identifier:17.0.1] AndroidManifest.xml:22:5-20
MERGED from [com.google.firebase:firebase-messaging:21.0.0] AndroidManifest.xml:22:5-43:19
MERGED from [com.google.firebase:firebase-messaging:21.0.0] AndroidManifest.xml:22:5-43:19
MERGED from [com.google.firebase:firebase-iid:21.0.0] AndroidManifest.xml:28:5-45:19
MERGED from [com.google.firebase:firebase-iid:21.0.0] AndroidManifest.xml:28:5-45:19
MERGED from [com.google.android.gms:play-services-stats:17.0.0] AndroidManifest.xml:7:5-20
MERGED from [com.google.android.gms:play-services-stats:17.0.0] AndroidManifest.xml:7:5-20
MERGED from [com.google.firebase:firebase-installations:16.3.3] AndroidManifest.xml:13:5-21:19
MERGED from [com.google.firebase:firebase-installations:16.3.3] AndroidManifest.xml:13:5-21:19
MERGED from [com.google.firebase:firebase-datatransport:17.0.3] AndroidManifest.xml:24:5-32:19
MERGED from [com.google.firebase:firebase-datatransport:17.0.3] AndroidManifest.xml:24:5-32:19
MERGED from [com.google.firebase:firebase-common:19.3.1] AndroidManifest.xml:25:5-38:19
MERGED from [com.google.firebase:firebase-common:19.3.1] AndroidManifest.xml:25:5-38:19
MERGED from [com.google.firebase:firebase-iid-interop:17.0.0] AndroidManifest.xml:7:5-8:19
MERGED from [com.google.firebase:firebase-iid-interop:17.0.0] AndroidManifest.xml:7:5-8:19
MERGED from [com.google.android.gms:play-services-base:17.0.0] AndroidManifest.xml:22:5-27:19
MERGED from [com.google.android.gms:play-services-base:17.0.0] AndroidManifest.xml:22:5-27:19
MERGED from [com.google.android.gms:play-services-tasks:17.0.0] AndroidManifest.xml:7:5-20
MERGED from [com.google.android.gms:play-services-tasks:17.0.0] AndroidManifest.xml:7:5-20
MERGED from [com.google.firebase:firebase-measurement-connector:18.0.0] AndroidManifest.xml:22:5-23:19
MERGED from [com.google.firebase:firebase-measurement-connector:18.0.0] AndroidManifest.xml:22:5-23:19
MERGED from [com.google.android.gms:play-services-basement:17.0.0] AndroidManifest.xml:22:5-26:19
MERGED from [com.google.android.gms:play-services-basement:17.0.0] AndroidManifest.xml:22:5-26:19
MERGED from [androidx.core:core:1.5.0] AndroidManifest.xml:24:5-89
MERGED from [androidx.core:core:1.5.0] AndroidManifest.xml:24:5-89
MERGED from [androidx.versionedparcelable:versionedparcelable:1.1.1] AndroidManifest.xml:24:5-25:19
MERGED from [androidx.versionedparcelable:versionedparcelable:1.1.1] AndroidManifest.xml:24:5-25:19
MERGED from [com.google.android.datatransport:transport-backend-cct:2.2.0] AndroidManifest.xml:28:5-36:19
MERGED from [com.google.android.datatransport:transport-backend-cct:2.2.0] AndroidManifest.xml:28:5-36:19
MERGED from [com.google.android.datatransport:transport-runtime:2.2.0] AndroidManifest.xml:25:5-39:19
MERGED from [com.google.android.datatransport:transport-runtime:2.2.0] AndroidManifest.xml:25:5-39:19
	android:appComponentFactory
		ADDED from [androidx.core:core:1.5.0] AndroidManifest.xml:24:18-86
	android:supportsRtl
		ADDED from src/main/AndroidManifest.xml:17:9-35
	android:label
		ADDED from src/main/AndroidManifest.xml:15:9-41
	android:roundIcon
		ADDED from src/main/AndroidManifest.xml:16:9-51
	tools:targetApi
		ADDED from [:izooto] AndroidManifest.xml:52:9-28
	android:icon
		ADDED from src/main/AndroidManifest.xml:14:9-46
	android:allowBackup
		ADDED from src/main/AndroidManifest.xml:13:9-35
	android:theme
		ADDED from src/main/AndroidManifest.xml:18:9-40
	android:usesCleartextTraffic
		ADDED from [:izooto] AndroidManifest.xml:51:9-44
	android:name
		ADDED from src/main/AndroidManifest.xml:12:9-56
activity#com.app.izoototest.MainActivity
ADDED from src/main/AndroidManifest.xml:19:9-28:20
	android:label
		ADDED from src/main/AndroidManifest.xml:21:13-45
	android:theme
		ADDED from src/main/AndroidManifest.xml:22:13-56
	android:name
		ADDED from src/main/AndroidManifest.xml:20:13-59
intent-filter#action:name:android.intent.action.MAIN+category:name:android.intent.category.LAUNCHER
ADDED from src/main/AndroidManifest.xml:23:13-27:29
action#android.intent.action.MAIN
ADDED from src/main/AndroidManifest.xml:24:17-69
	android:name
		ADDED from src/main/AndroidManifest.xml:24:25-66
category#android.intent.category.LAUNCHER
ADDED from src/main/AndroidManifest.xml:26:17-77
	android:name
		ADDED from src/main/AndroidManifest.xml:26:27-74
uses-sdk
INJECTED from src/main/AndroidManifest.xml reason: use-sdk injection requested
INJECTED from src/main/AndroidManifest.xml
INJECTED from src/main/AndroidManifest.xml
MERGED from [com.google.android.material:material:1.0.0] AndroidManifest.xml:20:5-44
MERGED from [com.google.android.material:material:1.0.0] AndroidManifest.xml:20:5-44
MERGED from [:izooto] AndroidManifest.xml:8:5-10:41
MERGED from [:izooto] AndroidManifest.xml:8:5-10:41
MERGED from [androidx.constraintlayout:constraintlayout:2.0.4] AndroidManifest.xml:5:5-7:41
MERGED from [androidx.constraintlayout:constraintlayout:2.0.4] AndroidManifest.xml:5:5-7:41
MERGED from [androidx.appcompat:appcompat:1.3.0] AndroidManifest.xml:20:5-22:41
MERGED from [androidx.appcompat:appcompat:1.3.0] AndroidManifest.xml:20:5-22:41
MERGED from [androidx.legacy:legacy-support-v4:1.0.0] AndroidManifest.xml:20:5-44
MERGED from [androidx.legacy:legacy-support-v4:1.0.0] AndroidManifest.xml:20:5-44
MERGED from [com.google.android.gms:play-services-ads-identifier:17.0.1] AndroidManifest.xml:20:5-44
MERGED from [com.google.android.gms:play-services-ads-identifier:17.0.1] AndroidManifest.xml:20:5-44
MERGED from [com.google.firebase:firebase-messaging:21.0.0] AndroidManifest.xml:20:5-44
MERGED from [com.google.firebase:firebase-messaging:21.0.0] AndroidManifest.xml:20:5-44
MERGED from [com.google.firebase:firebase-iid:21.0.0] AndroidManifest.xml:20:5-44
MERGED from [com.google.firebase:firebase-iid:21.0.0] AndroidManifest.xml:20:5-44
MERGED from [com.google.android.gms:play-services-cloud-messaging:16.0.0] AndroidManifest.xml:5:5-44
MERGED from [com.google.android.gms:play-services-cloud-messaging:16.0.0] AndroidManifest.xml:5:5-44
MERGED from [com.google.android.gms:play-services-stats:17.0.0] AndroidManifest.xml:5:5-44
MERGED from [com.google.android.gms:play-services-stats:17.0.0] AndroidManifest.xml:5:5-44
MERGED from [com.google.firebase:firebase-installations:16.3.3] AndroidManifest.xml:6:5-8:41
MERGED from [com.google.firebase:firebase-installations:16.3.3] AndroidManifest.xml:6:5-8:41
MERGED from [com.google.firebase:firebase-installations-interop:16.0.0] AndroidManifest.xml:19:5-21:41
MERGED from [com.google.firebase:firebase-installations-interop:16.0.0] AndroidManifest.xml:19:5-21:41
MERGED from [com.google.firebase:firebase-datatransport:17.0.3] AndroidManifest.xml:19:5-21:41
MERGED from [com.google.firebase:firebase-datatransport:17.0.3] AndroidManifest.xml:19:5-21:41
MERGED from [com.google.firebase:firebase-common:19.3.1] AndroidManifest.xml:20:5-22:41
MERGED from [com.google.firebase:firebase-common:19.3.1] AndroidManifest.xml:20:5-22:41
MERGED from [com.google.firebase:firebase-iid-interop:17.0.0] AndroidManifest.xml:5:5-44
MERGED from [com.google.firebase:firebase-iid-interop:17.0.0] AndroidManifest.xml:5:5-44
MERGED from [com.google.android.gms:play-services-base:17.0.0] AndroidManifest.xml:20:5-44
MERGED from [com.google.android.gms:play-services-base:17.0.0] AndroidManifest.xml:20:5-44
MERGED from [com.google.android.gms:play-services-tasks:17.0.0] AndroidManifest.xml:5:5-44
MERGED from [com.google.android.gms:play-services-tasks:17.0.0] AndroidManifest.xml:5:5-44
MERGED from [com.google.firebase:firebase-measurement-connector:18.0.0] AndroidManifest.xml:20:5-44
MERGED from [com.google.firebase:firebase-measurement-connector:18.0.0] AndroidManifest.xml:20:5-44
MERGED from [com.google.android.gms:play-services-basement:17.0.0] AndroidManifest.xml:20:5-44
MERGED from [com.google.android.gms:play-services-basement:17.0.0] AndroidManifest.xml:20:5-44
MERGED from [androidx.fragment:fragment:1.3.4] AndroidManifest.xml:20:5-22:41
MERGED from [androidx.fragment:fragment:1.3.4] AndroidManifest.xml:20:5-22:41
MERGED from [androidx.activity:activity:1.2.3] AndroidManifest.xml:20:5-22:41
MERGED from [androidx.activity:activity:1.2.3] AndroidManifest.xml:20:5-22:41
MERGED from [androidx.appcompat:appcompat-resources:1.3.0] AndroidManifest.xml:20:5-22:41
MERGED from [androidx.appcompat:appcompat-resources:1.3.0] AndroidManifest.xml:20:5-22:41
MERGED from [androidx.recyclerview:recyclerview:1.0.0] AndroidManifest.xml:20:5-44
MERGED from [androidx.recyclerview:recyclerview:1.0.0] AndroidManifest.xml:20:5-44
MERGED from [androidx.legacy:legacy-support-core-ui:1.0.0] AndroidManifest.xml:20:5-44
MERGED from [androidx.legacy:legacy-support-core-ui:1.0.0] AndroidManifest.xml:20:5-44
MERGED from [androidx.drawerlayout:drawerlayout:1.0.0] AndroidManifest.xml:20:5-44
MERGED from [androidx.drawerlayout:drawerlayout:1.0.0] AndroidManifest.xml:20:5-44
MERGED from [androidx.legacy:legacy-support-core-utils:1.0.0] AndroidManifest.xml:20:5-44
MERGED from [androidx.legacy:legacy-support-core-utils:1.0.0] AndroidManifest.xml:20:5-44
MERGED from [androidx.transition:transition:1.0.0] AndroidManifest.xml:20:5-44
MERGED from [androidx.transition:transition:1.0.0] AndroidManifest.xml:20:5-44
MERGED from [androidx.viewpager:viewpager:1.0.0] AndroidManifest.xml:20:5-44
MERGED from [androidx.viewpager:viewpager:1.0.0] AndroidManifest.xml:20:5-44
MERGED from [androidx.loader:loader:1.0.0] AndroidManifest.xml:20:5-44
MERGED from [androidx.loader:loader:1.0.0] AndroidManifest.xml:20:5-44
MERGED from [androidx.vectordrawable:vectordrawable-animated:1.1.0] AndroidManifest.xml:20:5-22:41
MERGED from [androidx.vectordrawable:vectordrawable-animated:1.1.0] AndroidManifest.xml:20:5-22:41
MERGED from [androidx.vectordrawable:vectordrawable:1.1.0] AndroidManifest.xml:20:5-22:41
MERGED from [androidx.vectordrawable:vectordrawable:1.1.0] AndroidManifest.xml:20:5-22:41
MERGED from [androidx.coordinatorlayout:coordinatorlayout:1.0.0] AndroidManifest.xml:20:5-44
MERGED from [androidx.coordinatorlayout:coordinatorlayout:1.0.0] AndroidManifest.xml:20:5-44
MERGED from [androidx.slidingpanelayout:slidingpanelayout:1.0.0] AndroidManifest.xml:20:5-44
MERGED from [androidx.slidingpanelayout:slidingpanelayout:1.0.0] AndroidManifest.xml:20:5-44
MERGED from [androidx.customview:customview:1.0.0] AndroidManifest.xml:20:5-44
MERGED from [androidx.customview:customview:1.0.0] AndroidManifest.xml:20:5-44
MERGED from [androidx.swiperefreshlayout:swiperefreshlayout:1.0.0] AndroidManifest.xml:20:5-44
MERGED from [androidx.swiperefreshlayout:swiperefreshlayout:1.0.0] AndroidManifest.xml:20:5-44
MERGED from [androidx.asynclayoutinflater:asynclayoutinflater:1.0.0] AndroidManifest.xml:20:5-44
MERGED from [androidx.asynclayoutinflater:asynclayoutinflater:1.0.0] AndroidManifest.xml:20:5-44
MERGED from [androidx.media:media:1.0.0] AndroidManifest.xml:20:5-44
MERGED from [androidx.media:media:1.0.0] AndroidManifest.xml:20:5-44
MERGED from [androidx.core:core:1.5.0] AndroidManifest.xml:20:5-22:41
MERGED from [androidx.core:core:1.5.0] AndroidManifest.xml:20:5-22:41
MERGED from [androidx.cursoradapter:cursoradapter:1.0.0] AndroidManifest.xml:20:5-44
MERGED from [androidx.cursoradapter:cursoradapter:1.0.0] AndroidManifest.xml:20:5-44
MERGED from [androidx.lifecycle:lifecycle-viewmodel-savedstate:2.3.1] AndroidManifest.xml:20:5-22:41
MERGED from [androidx.lifecycle:lifecycle-viewmodel-savedstate:2.3.1] AndroidManifest.xml:20:5-22:41
MERGED from [androidx.savedstate:savedstate:1.1.0] AndroidManifest.xml:20:5-22:41
MERGED from [androidx.savedstate:savedstate:1.1.0] AndroidManifest.xml:20:5-22:41
MERGED from [androidx.lifecycle:lifecycle-runtime:2.3.1] AndroidManifest.xml:20:5-22:41
MERGED from [androidx.lifecycle:lifecycle-runtime:2.3.1] AndroidManifest.xml:20:5-22:41
MERGED from [androidx.lifecycle:lifecycle-viewmodel:2.3.1] AndroidManifest.xml:20:5-22:41
MERGED from [androidx.lifecycle:lifecycle-viewmodel:2.3.1] AndroidManifest.xml:20:5-22:41
MERGED from [androidx.cardview:cardview:1.0.0] AndroidManifest.xml:20:5-44
MERGED from [androidx.cardview:cardview:1.0.0] AndroidManifest.xml:20:5-44
MERGED from [androidx.versionedparcelable:versionedparcelable:1.1.1] AndroidManifest.xml:20:5-22:41
MERGED from [androidx.versionedparcelable:versionedparcelable:1.1.1] AndroidManifest.xml:20:5-22:41
MERGED from [androidx.tracing:tracing:1.0.0] AndroidManifest.xml:20:5-22:41
MERGED from [androidx.tracing:tracing:1.0.0] AndroidManifest.xml:20:5-22:41
MERGED from [androidx.lifecycle:lifecycle-livedata:2.0.0] AndroidManifest.xml:20:5-44
MERGED from [androidx.lifecycle:lifecycle-livedata:2.0.0] AndroidManifest.xml:20:5-44
MERGED from [androidx.lifecycle:lifecycle-livedata-core:2.3.1] AndroidManifest.xml:20:5-22:41
MERGED from [androidx.lifecycle:lifecycle-livedata-core:2.3.1] AndroidManifest.xml:20:5-22:41
MERGED from [androidx.arch.core:core-runtime:2.1.0] AndroidManifest.xml:20:5-22:41
MERGED from [androidx.arch.core:core-runtime:2.1.0] AndroidManifest.xml:20:5-22:41
MERGED from [androidx.interpolator:interpolator:1.0.0] AndroidManifest.xml:20:5-44
MERGED from [androidx.interpolator:interpolator:1.0.0] AndroidManifest.xml:20:5-44
MERGED from [androidx.documentfile:documentfile:1.0.0] AndroidManifest.xml:20:5-44
MERGED from [androidx.documentfile:documentfile:1.0.0] AndroidManifest.xml:20:5-44
MERGED from [androidx.localbroadcastmanager:localbroadcastmanager:1.0.0] AndroidManifest.xml:20:5-44
MERGED from [androidx.localbroadcastmanager:localbroadcastmanager:1.0.0] AndroidManifest.xml:20:5-44
MERGED from [androidx.print:print:1.0.0] AndroidManifest.xml:20:5-44
MERGED from [androidx.print:print:1.0.0] AndroidManifest.xml:20:5-44
MERGED from [com.google.android.datatransport:transport-backend-cct:2.2.0] AndroidManifest.xml:19:5-21:41
MERGED from [com.google.android.datatransport:transport-backend-cct:2.2.0] AndroidManifest.xml:19:5-21:41
MERGED from [com.google.android.datatransport:transport-runtime:2.2.0] AndroidManifest.xml:18:5-20:41
MERGED from [com.google.android.datatransport:transport-runtime:2.2.0] AndroidManifest.xml:18:5-20:41
MERGED from [com.google.firebase:firebase-components:16.0.0] AndroidManifest.xml:19:5-21:41
MERGED from [com.google.firebase:firebase-components:16.0.0] AndroidManifest.xml:19:5-21:41
MERGED from [com.google.firebase:firebase-encoders-json:16.0.0] AndroidManifest.xml:19:5-21:41
MERGED from [com.google.firebase:firebase-encoders-json:16.0.0] AndroidManifest.xml:19:5-21:41
MERGED from [androidx.annotation:annotation-experimental:1.0.0] AndroidManifest.xml:20:5-22:41
MERGED from [androidx.annotation:annotation-experimental:1.0.0] AndroidManifest.xml:20:5-22:41
MERGED from [com.google.android.datatransport:transport-api:2.2.0] AndroidManifest.xml:18:5-20:41
MERGED from [com.google.android.datatransport:transport-api:2.2.0] AndroidManifest.xml:18:5-20:41
INJECTED from src/main/AndroidManifest.xml
INJECTED from src/main/AndroidManifest.xml
	android:targetSdkVersion
		INJECTED from src/main/AndroidManifest.xml
		ADDED from src/main/AndroidManifest.xml
		INJECTED from src/main/AndroidManifest.xml
	android:minSdkVersion
		INJECTED from src/main/AndroidManifest.xml
		ADDED from src/main/AndroidManifest.xml
		INJECTED from src/main/AndroidManifest.xml
uses-permission#com.sec.android.provider.badge.permission.READ
ADDED from [:izooto] AndroidManifest.xml:17:5-86
	android:name
		ADDED from [:izooto] AndroidManifest.xml:17:22-83
uses-permission#com.sec.android.provider.badge.permission.WRITE
ADDED from [:izooto] AndroidManifest.xml:18:5-87
	android:name
		ADDED from [:izooto] AndroidManifest.xml:18:22-84
uses-permission#com.htc.launcher.permission.READ_SETTINGS
ADDED from [:izooto] AndroidManifest.xml:21:5-81
	android:name
		ADDED from [:izooto] AndroidManifest.xml:21:22-78
uses-permission#com.htc.launcher.permission.UPDATE_SHORTCUT
ADDED from [:izooto] AndroidManifest.xml:22:5-83
	android:name
		ADDED from [:izooto] AndroidManifest.xml:22:22-80
uses-permission#com.sonyericsson.home.permission.BROADCAST_BADGE
ADDED from [:izooto] AndroidManifest.xml:25:5-88
	android:name
		ADDED from [:izooto] AndroidManifest.xml:25:22-85
uses-permission#com.sonymobile.home.permission.PROVIDER_INSERT_BADGE
ADDED from [:izooto] AndroidManifest.xml:26:5-92
	android:name
		ADDED from [:izooto] AndroidManifest.xml:26:22-89
uses-permission#com.anddoes.launcher.permission.UPDATE_COUNT
ADDED from [:izooto] AndroidManifest.xml:29:5-84
	android:name
		ADDED from [:izooto] AndroidManifest.xml:29:22-81
uses-permission#com.majeur.launcher.permission.UPDATE_BADGE
ADDED from [:izooto] AndroidManifest.xml:32:5-83
	android:name
		ADDED from [:izooto] AndroidManifest.xml:32:22-80
uses-permission#com.huawei.android.launcher.permission.CHANGE_BADGE
ADDED from [:izooto] AndroidManifest.xml:35:5-91
	android:name
		ADDED from [:izooto] AndroidManifest.xml:35:22-88
uses-permission#com.huawei.android.launcher.permission.READ_SETTINGS
ADDED from [:izooto] AndroidManifest.xml:36:5-92
	android:name
		ADDED from [:izooto] AndroidManifest.xml:36:22-89
uses-permission#com.huawei.android.launcher.permission.WRITE_SETTINGS
ADDED from [:izooto] AndroidManifest.xml:37:5-93
	android:name
		ADDED from [:izooto] AndroidManifest.xml:37:22-90
uses-permission#android.permission.READ_APP_BADGE
ADDED from [:izooto] AndroidManifest.xml:40:5-73
	android:name
		ADDED from [:izooto] AndroidManifest.xml:40:22-70
uses-permission#com.oppo.launcher.permission.READ_SETTINGS
ADDED from [:izooto] AndroidManifest.xml:43:5-82
	android:name
		ADDED from [:izooto] AndroidManifest.xml:43:22-79
uses-permission#com.oppo.launcher.permission.WRITE_SETTINGS
ADDED from [:izooto] AndroidManifest.xml:44:5-83
	android:name
		ADDED from [:izooto] AndroidManifest.xml:44:22-80
uses-permission#me.everything.badger.permission.BADGE_COUNT_READ
ADDED from [:izooto] AndroidManifest.xml:47:5-88
	android:name
		ADDED from [:izooto] AndroidManifest.xml:47:22-85
uses-permission#me.everything.badger.permission.BADGE_COUNT_WRITE
ADDED from [:izooto] AndroidManifest.xml:48:5-89
	android:name
		ADDED from [:izooto] AndroidManifest.xml:48:22-86
activity#com.izooto.iZootoWebViewActivity
ADDED from [:izooto] AndroidManifest.xml:53:9-57:52
	android:screenOrientation
		ADDED from [:izooto] AndroidManifest.xml:57:13-49
	android:launchMode
		ADDED from [:izooto] AndroidManifest.xml:56:13-44
	android:exported
		ADDED from [:izooto] AndroidManifest.xml:55:13-37
	android:name
		ADDED from [:izooto] AndroidManifest.xml:54:13-60
meta-data#android.webkit.WebView.EnableSafeBrowsing
ADDED from [:izooto] AndroidManifest.xml:59:9-61:36
	android:value
		ADDED from [:izooto] AndroidManifest.xml:61:13-33
	android:name
		ADDED from [:izooto] AndroidManifest.xml:60:13-69
receiver#com.izooto.NotificationActionReceiver
ADDED from [:izooto] AndroidManifest.xml:63:9-70:20
	android:enabled
		ADDED from [:izooto] AndroidManifest.xml:65:13-35
	android:name
		ADDED from [:izooto] AndroidManifest.xml:64:13-65
intent-filter#action:name:actionBtnOne+action:name:actionBtnTwo
ADDED from [:izooto] AndroidManifest.xml:66:13-69:29
action#actionBtnOne
ADDED from [:izooto] AndroidManifest.xml:67:17-55
	android:name
		ADDED from [:izooto] AndroidManifest.xml:67:25-52
action#actionBtnTwo
ADDED from [:izooto] AndroidManifest.xml:68:17-55
	android:name
		ADDED from [:izooto] AndroidManifest.xml:68:25-52
service#com.izooto.iZootoMessagingService
ADDED from [:izooto] AndroidManifest.xml:72:9-79:19
	android:enabled
		ADDED from [:izooto] AndroidManifest.xml:74:13-35
	android:exported
		ADDED from [:izooto] AndroidManifest.xml:75:13-36
	android:name
		ADDED from [:izooto] AndroidManifest.xml:73:13-61
intent-filter#action:name:com.google.firebase.MESSAGING_EVENT
ADDED from [:izooto] AndroidManifest.xml:76:13-78:29
action#com.google.firebase.MESSAGING_EVENT
ADDED from [:izooto] AndroidManifest.xml:77:17-78
	android:name
		ADDED from [:izooto] AndroidManifest.xml:77:25-75